<?xml version="1.0" encoding="UTF-8"?>
<!-- Generated by org.testng.reporters.JUnitXMLReporter -->
<testsuite hostname="LAPTOP-G32GGVN8" ignored="0" name="Default test" tests="2" failures="0" timestamp="28 Jul 2020 05:24:18 GMT" time="21.125" errors="0">
  <testcase name="verifyLoginwithValidCredential" time="5.799" classname="com.pagefactory.framework.naukari.TC01_Login"/>
  <testcase name="verifySuccessfullLogin" time="5.111" classname="com.pagefactory.framework.naukari.TC01_Login"/>
</testsuite> <!-- Default test -->
