<?xml version="1.0" encoding="UTF-8"?>
<!-- Generated by org.testng.reporters.JUnitXMLReporter -->
<testsuite hostname="LAPTOP-G32GGVN8" ignored="0" name="SanityTest" tests="5" failures="0" timestamp="28 Jul 2020 05:58:59 GMT" time="42.336" errors="0">
  <testcase name="LoginwithValidCredential" time="5.772" classname="com.pagefactory.framework.naukari.TC03_Profile"/>
  <testcase name="ProfilePage" time="0.217" classname="com.pagefactory.framework.naukari.TC03_Profile"/>
  <testcase name="verifyProfilePageTitleTest" time="5.016" classname="com.pagefactory.framework.naukari.TC03_Profile"/>
  <testcase name="deleteResumefromProfile" time="9.48" classname="com.pagefactory.framework.naukari.TC03_Profile"/>
  <testcase name="uploadResumeToProfile" time="9.091" classname="com.pagefactory.framework.naukari.TC03_Profile"/>
</testsuite> <!-- SanityTest -->
